0 info it worked if it ends with ok
1 verbose cli [ 'C:\\Program Files\\nodejs\\node.exe',
1 verbose cli   'C:\\Program Files\\nodejs\\node_modules\\npm\\bin\\npm-cli.js',
1 verbose cli   'install' ]
2 info using npm@2.15.9
3 info using node@v4.5.0
4 verbose readDependencies loading dependencies from C:\Users\fjatori\WebstormProjects\zmq\package.json
5 warn package.json zmq@1.0.0 No description
6 warn package.json zmq@1.0.0 No repository field.
7 warn package.json zmq@1.0.0 No README data
8 verbose install where, deps [ 'C:\\Users\\fjatori\\WebstormProjects\\zmq', [ 'zmq' ] ]
9 verbose install where, peers [ 'C:\\Users\\fjatori\\WebstormProjects\\zmq', [] ]
10 verbose installManyTop reading for lifecycle C:\Users\fjatori\WebstormProjects\zmq\package.json
11 info preinstall zmq@1.0.0
12 verbose readDependencies loading dependencies from C:\Users\fjatori\WebstormProjects\zmq\package.json
13 silly cache add args [ 'zmq@~2.15.3', null ]
14 verbose cache add spec zmq@~2.15.3
15 silly cache add parsed spec Result {
15 silly cache add   raw: 'zmq@~2.15.3',
15 silly cache add   scope: null,
15 silly cache add   name: 'zmq',
15 silly cache add   rawSpec: '~2.15.3',
15 silly cache add   spec: '>=2.15.3 <2.16.0',
15 silly cache add   type: 'range' }
16 silly addNamed zmq@>=2.15.3 <2.16.0
17 verbose addNamed ">=2.15.3 <2.16.0" is a valid semver range for zmq
18 silly addNameRange { name: 'zmq', range: '>=2.15.3 <2.16.0', hasData: false }
19 silly mapToRegistry name zmq
20 silly mapToRegistry using default registry
21 silly mapToRegistry registry https://registry.npmjs.org/
22 silly mapToRegistry data Result {
22 silly mapToRegistry   raw: 'zmq',
22 silly mapToRegistry   scope: null,
22 silly mapToRegistry   name: 'zmq',
22 silly mapToRegistry   rawSpec: '',
22 silly mapToRegistry   spec: 'latest',
22 silly mapToRegistry   type: 'tag' }
23 silly mapToRegistry uri https://registry.npmjs.org/zmq
24 verbose addNameRange registry:https://registry.npmjs.org/zmq not in flight; fetching
25 verbose request uri https://registry.npmjs.org/zmq
26 verbose request no auth needed
27 info attempt registry request try #1 at 5:38:09 PM
28 verbose request id 324c9ae255ab9f1e
29 verbose etag "F385RF31ABJF0WI9O5I7CAYSD"
30 http request GET https://registry.npmjs.org/zmq
31 http 304 https://registry.npmjs.org/zmq
32 verbose headers { date: 'Wed, 28 Sep 2016 00:38:09 GMT',
32 verbose headers   via: '1.1 varnish',
32 verbose headers   'cache-control': 'max-age=300',
32 verbose headers   etag: '"F385RF31ABJF0WI9O5I7CAYSD"',
32 verbose headers   age: '165',
32 verbose headers   connection: 'keep-alive',
32 verbose headers   'x-served-by': 'cache-sjc3123-SJC',
32 verbose headers   'x-cache': 'HIT',
32 verbose headers   'x-cache-hits': '39',
32 verbose headers   'x-timer': 'S1475023089.359847,VS0,VE0',
32 verbose headers   vary: 'Accept-Encoding' }
33 silly get cb [ 304,
33 silly get   { date: 'Wed, 28 Sep 2016 00:38:09 GMT',
33 silly get     via: '1.1 varnish',
33 silly get     'cache-control': 'max-age=300',
33 silly get     etag: '"F385RF31ABJF0WI9O5I7CAYSD"',
33 silly get     age: '165',
33 silly get     connection: 'keep-alive',
33 silly get     'x-served-by': 'cache-sjc3123-SJC',
33 silly get     'x-cache': 'HIT',
33 silly get     'x-cache-hits': '39',
33 silly get     'x-timer': 'S1475023089.359847,VS0,VE0',
33 silly get     vary: 'Accept-Encoding' } ]
34 verbose etag https://registry.npmjs.org/zmq from cache
35 verbose get saving zmq to C:\Users\fjatori\AppData\Roaming\npm-cache\registry.npmjs.org\zmq\.cache.json
36 verbose correctMkdir C:\Users\fjatori\AppData\Roaming\npm-cache correctMkdir not in flight; initializing
37 silly addNameRange number 2 { name: 'zmq', range: '>=2.15.3 <2.16.0', hasData: true }
38 silly addNameRange versions [ 'zmq',
38 silly addNameRange   [ '1.0.0',
38 silly addNameRange     '1.0.1',
38 silly addNameRange     '1.0.2',
38 silly addNameRange     '1.0.3',
38 silly addNameRange     '1.0.4',
38 silly addNameRange     '2.0.0',
38 silly addNameRange     '2.0.1',
38 silly addNameRange     '2.0.2',
38 silly addNameRange     '2.0.3',
38 silly addNameRange     '2.1.0',
38 silly addNameRange     '2.2.0',
38 silly addNameRange     '2.3.0',
38 silly addNameRange     '2.4.0',
38 silly addNameRange     '2.5.0',
38 silly addNameRange     '2.5.1',
38 silly addNameRange     '2.6.0',
38 silly addNameRange     '2.7.0',
38 silly addNameRange     '2.8.0',
38 silly addNameRange     '2.9.0',
38 silly addNameRange     '2.10.0',
38 silly addNameRange     '2.11.0',
38 silly addNameRange     '2.11.1',
38 silly addNameRange     '2.12.0',
38 silly addNameRange     '2.13.0',
38 silly addNameRange     '2.14.0',
38 silly addNameRange     '2.15.0',
38 silly addNameRange     '2.15.1',
38 silly addNameRange     '2.15.2',
38 silly addNameRange     '2.15.3' ] ]
39 silly addNamed zmq@2.15.3
40 verbose addNamed "2.15.3" is a plain semver version for zmq
41 silly cache afterAdd zmq@2.15.3
42 verbose afterAdd C:\Users\fjatori\AppData\Roaming\npm-cache\zmq\2.15.3\package\package.json not in flight; writing
43 verbose correctMkdir C:\Users\fjatori\AppData\Roaming\npm-cache correctMkdir not in flight; initializing
44 verbose afterAdd C:\Users\fjatori\AppData\Roaming\npm-cache\zmq\2.15.3\package\package.json written
45 silly install resolved [ { name: 'zmq',
45 silly install resolved     version: '2.15.3',
45 silly install resolved     description: 'Bindings for node.js and io.js to ZeroMQ',
45 silly install resolved     main: 'index',
45 silly install resolved     repository:
45 silly install resolved      { type: 'git',
45 silly install resolved        url: 'git+ssh://git@github.com/JustinTulloss/zeromq.node.git' },
45 silly install resolved     dependencies: { nan: '~2.3.0', bindings: '~1.2.1' },
45 silly install resolved     devDependencies: { should: '2.1.x', semver: '~4.1.1', mocha: '~1.13.0' },
45 silly install resolved     engines: { node: '>=0.8' },
45 silly install resolved     scripts:
45 silly install resolved      { test: 'mocha --expose-gc --slow 2000 --timeout 600000',
45 silly install resolved        install: 'node-gyp rebuild' },
45 silly install resolved     keywords:
45 silly install resolved      [ 'zeromq',
45 silly install resolved        'zmq',
45 silly install resolved        '0mq',
45 silly install resolved        'ømq',
45 silly install resolved        'libzmq',
45 silly install resolved        'native',
45 silly install resolved        'binding',
45 silly install resolved        'addon' ],
45 silly install resolved     license: 'MIT',
45 silly install resolved     author:
45 silly install resolved      { name: 'Justin Tulloss',
45 silly install resolved        email: 'justin.tulloss@gmail.com',
45 silly install resolved        url: 'http://justin.harmonize.fm' },
45 silly install resolved     contributors:
45 silly install resolved      [ [Object],
45 silly install resolved        [Object],
45 silly install resolved        [Object],
45 silly install resolved        [Object],
45 silly install resolved        [Object],
45 silly install resolved        [Object],
45 silly install resolved        [Object],
45 silly install resolved        [Object],
45 silly install resolved        [Object],
45 silly install resolved        [Object],
45 silly install resolved        [Object],
45 silly install resolved        [Object],
45 silly install resolved        [Object],
45 silly install resolved        [Object],
45 silly install resolved        [Object],
45 silly install resolved        [Object],
45 silly install resolved        [Object],
45 silly install resolved        [Object],
45 silly install resolved        [Object],
45 silly install resolved        [Object],
45 silly install resolved        [Object],
45 silly install resolved        [Object],
45 silly install resolved        [Object],
45 silly install resolved        [Object],
45 silly install resolved        [Object],
45 silly install resolved        [Object],
45 silly install resolved        [Object],
45 silly install resolved        [Object],
45 silly install resolved        [Object],
45 silly install resolved        [Object],
45 silly install resolved        [Object] ],
45 silly install resolved     gypfile: true,
45 silly install resolved     gitHead: 'b7dc94d9d5a6a72f9df171c5bcc9e6376d009ece',
45 silly install resolved     bugs: { url: 'https://github.com/JustinTulloss/zeromq.node/issues' },
45 silly install resolved     homepage: 'https://github.com/JustinTulloss/zeromq.node#readme',
45 silly install resolved     _id: 'zmq@2.15.3',
45 silly install resolved     _shasum: '66c6de82cc36b09734b820703776490a6fbbe624',
45 silly install resolved     _from: 'zmq@>=2.15.3 <2.16.0',
45 silly install resolved     _npmVersion: '2.11.3',
45 silly install resolved     _nodeVersion: '0.12.7',
45 silly install resolved     _npmUser: { name: 'ronkorving', email: 'ron@ronkorving.nl' },
45 silly install resolved     maintainers: [ [Object], [Object], [Object] ],
45 silly install resolved     dist:
45 silly install resolved      { shasum: '66c6de82cc36b09734b820703776490a6fbbe624',
45 silly install resolved        tarball: 'https://registry.npmjs.org/zmq/-/zmq-2.15.3.tgz' },
45 silly install resolved     _npmOperationalInternal:
45 silly install resolved      { host: 'packages-16-east.internal.npmjs.com',
45 silly install resolved        tmp: 'tmp/zmq-2.15.3.tgz_1464931483398_0.3011886226013303' },
45 silly install resolved     directories: {},
45 silly install resolved     _resolved: 'https://registry.npmjs.org/zmq/-/zmq-2.15.3.tgz',
45 silly install resolved     readme: 'ERROR: No README data found!' } ]
46 info install zmq@2.15.3 into C:\Users\fjatori\WebstormProjects\zmq
47 info installOne zmq@2.15.3
48 verbose installOne of zmq to C:\Users\fjatori\WebstormProjects\zmq not in flight; installing
49 verbose correctMkdir C:\Users\fjatori\AppData\Roaming\npm-cache\_locks correctMkdir not in flight; initializing
50 verbose lock using C:\Users\fjatori\AppData\Roaming\npm-cache\_locks\zmq-66d3fa27d961b23c.lock for C:\Users\fjatori\WebstormProjects\zmq\node_modules\zmq
51 silly install write writing zmq 2.15.3 to C:\Users\fjatori\WebstormProjects\zmq\node_modules\zmq
52 verbose unbuild node_modules\zmq
53 silly gentlyRm C:\Users\fjatori\WebstormProjects\zmq\node_modules\zmq is being purged from base C:\Users\fjatori\WebstormProjects\zmq
54 verbose gentlyRm don't care about contents; nuking C:\Users\fjatori\WebstormProjects\zmq\node_modules\zmq
55 verbose tar unpack C:\Users\fjatori\AppData\Roaming\npm-cache\zmq\2.15.3\package.tgz
56 verbose tar unpacking to C:\Users\fjatori\WebstormProjects\zmq\node_modules\zmq
57 silly gentlyRm C:\Users\fjatori\WebstormProjects\zmq\node_modules\zmq is being purged
58 verbose gentlyRm don't care about contents; nuking C:\Users\fjatori\WebstormProjects\zmq\node_modules\zmq
59 silly gunzTarPerm modes [ '777', '666' ]
60 silly gunzTarPerm extractEntry package.json
61 silly gunzTarPerm modified mode [ 'package.json', 420, 438 ]
62 silly gunzTarPerm extractEntry .npmignore
63 silly gunzTarPerm modified mode [ '.npmignore', 420, 438 ]
64 silly gunzTarPerm extractEntry README.md
65 silly gunzTarPerm modified mode [ 'README.md', 420, 438 ]
66 silly gunzTarPerm extractEntry LICENSE
67 silly gunzTarPerm modified mode [ 'LICENSE', 420, 438 ]
68 silly gunzTarPerm extractEntry index.js
69 silly gunzTarPerm modified mode [ 'index.js', 420, 438 ]
70 silly gunzTarPerm extractEntry binding.gyp
71 silly gunzTarPerm modified mode [ 'binding.gyp', 420, 438 ]
72 silly gunzTarPerm extractEntry Makefile
73 silly gunzTarPerm modified mode [ 'Makefile', 420, 438 ]
74 silly gunzTarPerm extractEntry .travis.yml
75 silly gunzTarPerm modified mode [ '.travis.yml', 420, 438 ]
76 silly gunzTarPerm extractEntry appveyor.yml
77 silly gunzTarPerm modified mode [ 'appveyor.yml', 420, 438 ]
78 silly gunzTarPerm extractEntry binding.cc
79 silly gunzTarPerm modified mode [ 'binding.cc', 420, 438 ]
80 silly gunzTarPerm extractEntry examples/dealer_router.js
81 silly gunzTarPerm modified mode [ 'examples/dealer_router.js', 420, 438 ]
82 silly gunzTarPerm extractEntry examples/pub_sub.js
83 silly gunzTarPerm modified mode [ 'examples/pub_sub.js', 420, 438 ]
84 silly gunzTarPerm extractEntry examples/push_pull.js
85 silly gunzTarPerm modified mode [ 'examples/push_pull.js', 420, 438 ]
86 silly gunzTarPerm extractEntry examples/rep_req.js
87 silly gunzTarPerm modified mode [ 'examples/rep_req.js', 420, 438 ]
88 silly gunzTarPerm extractEntry examples/req_rep.js
89 silly gunzTarPerm modified mode [ 'examples/req_rep.js', 420, 438 ]
90 silly gunzTarPerm extractEntry examples/router_dealer.js
91 silly gunzTarPerm modified mode [ 'examples/router_dealer.js', 420, 438 ]
92 silly gunzTarPerm extractEntry examples/rpc.js
93 silly gunzTarPerm modified mode [ 'examples/rpc.js', 420, 438 ]
94 silly gunzTarPerm extractEntry examples/devices/forwarder.js
95 silly gunzTarPerm modified mode [ 'examples/devices/forwarder.js', 420, 438 ]
96 silly gunzTarPerm extractEntry examples/devices/queue.js
97 silly gunzTarPerm modified mode [ 'examples/devices/queue.js', 420, 438 ]
98 silly gunzTarPerm extractEntry examples/devices/streamer.js
99 silly gunzTarPerm modified mode [ 'examples/devices/streamer.js', 420, 438 ]
100 silly gunzTarPerm extractEntry examples/workers/producer.js
101 silly gunzTarPerm modified mode [ 'examples/workers/producer.js', 420, 438 ]
102 silly gunzTarPerm extractEntry examples/workers/worker.js
103 silly gunzTarPerm modified mode [ 'examples/workers/worker.js', 420, 438 ]
104 silly gunzTarPerm extractEntry History.md
105 silly gunzTarPerm modified mode [ 'History.md', 420, 438 ]
106 silly gunzTarPerm extractEntry lib/index.js
107 silly gunzTarPerm modified mode [ 'lib/index.js', 420, 438 ]
108 silly gunzTarPerm extractEntry test/context.js
109 silly gunzTarPerm modified mode [ 'test/context.js', 420, 438 ]
110 silly gunzTarPerm extractEntry test/socket.monitor.js
111 silly gunzTarPerm modified mode [ 'test/socket.monitor.js', 420, 438 ]
112 silly gunzTarPerm extractEntry test/socket.pair.js
113 silly gunzTarPerm modified mode [ 'test/socket.pair.js', 420, 438 ]
114 silly gunzTarPerm extractEntry test/socket.pub-sub.js
115 silly gunzTarPerm modified mode [ 'test/socket.pub-sub.js', 420, 438 ]
116 silly gunzTarPerm extractEntry test/socket.messages.js
117 silly gunzTarPerm modified mode [ 'test/socket.messages.js', 420, 438 ]
118 silly gunzTarPerm extractEntry test/exports.js
119 silly gunzTarPerm modified mode [ 'test/exports.js', 420, 438 ]
120 silly gunzTarPerm extractEntry test/socket.router.js
121 silly gunzTarPerm modified mode [ 'test/socket.router.js', 420, 438 ]
122 silly gunzTarPerm extractEntry test/socket.stream.js
123 silly gunzTarPerm modified mode [ 'test/socket.stream.js', 420, 438 ]
124 silly gunzTarPerm extractEntry test/socket.unbind.js
125 silly gunzTarPerm modified mode [ 'test/socket.unbind.js', 420, 438 ]
126 silly gunzTarPerm extractEntry test/socket.xpub-xsub.js
127 silly gunzTarPerm modified mode [ 'test/socket.xpub-xsub.js', 420, 438 ]
128 silly gunzTarPerm extractEntry test/socket.js
129 silly gunzTarPerm modified mode [ 'test/socket.js', 420, 438 ]
130 silly gunzTarPerm extractEntry test/socket.zap.js
131 silly gunzTarPerm modified mode [ 'test/socket.zap.js', 420, 438 ]
132 silly gunzTarPerm extractEntry test/socket.events.js
133 silly gunzTarPerm modified mode [ 'test/socket.events.js', 420, 438 ]
134 silly gunzTarPerm extractEntry test/zap.js
135 silly gunzTarPerm modified mode [ 'test/zap.js', 420, 438 ]
136 silly gunzTarPerm extractEntry test/socket.error-callback.js
137 silly gunzTarPerm modified mode [ 'test/socket.error-callback.js', 420, 438 ]
138 silly gunzTarPerm extractEntry test/zmq_proxy.js
139 silly gunzTarPerm modified mode [ 'test/zmq_proxy.js', 420, 438 ]
140 silly gunzTarPerm extractEntry test/zmq_proxy.xpub-xsub.js
141 silly gunzTarPerm modified mode [ 'test/zmq_proxy.xpub-xsub.js', 420, 438 ]
142 silly gunzTarPerm extractEntry test/zmq_proxy.push-pull.js
143 silly gunzTarPerm modified mode [ 'test/zmq_proxy.push-pull.js', 420, 438 ]
144 silly gunzTarPerm extractEntry test/gc.js
145 silly gunzTarPerm modified mode [ 'test/gc.js', 420, 438 ]
146 silly gunzTarPerm extractEntry test/zmq_proxy.router-dealer.js
147 silly gunzTarPerm modified mode [ 'test/zmq_proxy.router-dealer.js', 420, 438 ]
148 silly gunzTarPerm extractEntry test/socket.push-pull.js
149 silly gunzTarPerm modified mode [ 'test/socket.push-pull.js', 420, 438 ]
150 silly gunzTarPerm extractEntry test/zmq_proxy.xrep-xreq.js
151 silly gunzTarPerm modified mode [ 'test/zmq_proxy.xrep-xreq.js', 420, 438 ]
152 silly gunzTarPerm extractEntry test/socket.req-rep.js
153 silly gunzTarPerm modified mode [ 'test/socket.req-rep.js', 420, 438 ]
154 silly gunzTarPerm extractEntry test/mocha.opts
155 silly gunzTarPerm modified mode [ 'test/mocha.opts', 420, 438 ]
156 silly gunzTarPerm extractEntry .editorconfig
157 silly gunzTarPerm modified mode [ '.editorconfig', 420, 438 ]
158 silly gunzTarPerm extractEntry perf/local_lat.js
159 silly gunzTarPerm modified mode [ 'perf/local_lat.js', 420, 438 ]
160 silly gunzTarPerm extractEntry perf/local_thr.js
161 silly gunzTarPerm modified mode [ 'perf/local_thr.js', 420, 438 ]
162 silly gunzTarPerm extractEntry perf/remote_lat.js
163 silly gunzTarPerm modified mode [ 'perf/remote_lat.js', 420, 438 ]
164 silly gunzTarPerm extractEntry perf/remote_thr.js
165 silly gunzTarPerm modified mode [ 'perf/remote_thr.js', 420, 438 ]
166 silly gunzTarPerm extractEntry windows/include/zmq.h
167 silly gunzTarPerm modified mode [ 'windows/include/zmq.h', 420, 438 ]
168 silly gunzTarPerm extractEntry windows/include/zmq_utils.h
169 silly gunzTarPerm modified mode [ 'windows/include/zmq_utils.h', 420, 438 ]
170 silly gunzTarPerm extractEntry windows/lib/x64/libzmq-v100-mt-4_0_4.dll
171 silly gunzTarPerm modified mode [ 'windows/lib/x64/libzmq-v100-mt-4_0_4.dll', 420, 438 ]
172 silly gunzTarPerm extractEntry windows/lib/x64/libzmq-v100-mt-4_0_4.lib
173 silly gunzTarPerm modified mode [ 'windows/lib/x64/libzmq-v100-mt-4_0_4.lib', 420, 438 ]
174 silly gunzTarPerm extractEntry windows/lib/x86/libzmq-v100-mt-4_0_4.dll
175 silly gunzTarPerm modified mode [ 'windows/lib/x86/libzmq-v100-mt-4_0_4.dll', 420, 438 ]
176 silly gunzTarPerm extractEntry windows/lib/x86/libzmq-v100-mt-4_0_4.lib
177 silly gunzTarPerm modified mode [ 'windows/lib/x86/libzmq-v100-mt-4_0_4.lib', 420, 438 ]
178 verbose write writing to C:\Users\fjatori\WebstormProjects\zmq\node_modules\zmq\package.json
179 info preinstall zmq@2.15.3
180 verbose readDependencies loading dependencies from C:\Users\fjatori\WebstormProjects\zmq\node_modules\zmq\package.json
181 silly prepareForInstallMany adding nan@~2.3.0 from zmq dependencies
182 silly prepareForInstallMany adding bindings@~1.2.1 from zmq dependencies
183 verbose readDependencies loading dependencies from C:\Users\fjatori\WebstormProjects\zmq\node_modules\zmq\package.json
184 silly cache add args [ 'nan@~2.3.0', null ]
185 verbose cache add spec nan@~2.3.0
186 silly cache add args [ 'bindings@~1.2.1', null ]
187 verbose cache add spec bindings@~1.2.1
188 silly cache add parsed spec Result {
188 silly cache add   raw: 'nan@~2.3.0',
188 silly cache add   scope: null,
188 silly cache add   name: 'nan',
188 silly cache add   rawSpec: '~2.3.0',
188 silly cache add   spec: '>=2.3.0 <2.4.0',
188 silly cache add   type: 'range' }
189 silly addNamed nan@>=2.3.0 <2.4.0
190 verbose addNamed ">=2.3.0 <2.4.0" is a valid semver range for nan
191 silly addNameRange { name: 'nan', range: '>=2.3.0 <2.4.0', hasData: false }
192 silly mapToRegistry name nan
193 silly mapToRegistry using default registry
194 silly mapToRegistry registry https://registry.npmjs.org/
195 silly mapToRegistry data Result {
195 silly mapToRegistry   raw: 'nan',
195 silly mapToRegistry   scope: null,
195 silly mapToRegistry   name: 'nan',
195 silly mapToRegistry   rawSpec: '',
195 silly mapToRegistry   spec: 'latest',
195 silly mapToRegistry   type: 'tag' }
196 silly mapToRegistry uri https://registry.npmjs.org/nan
197 verbose addNameRange registry:https://registry.npmjs.org/nan not in flight; fetching
198 silly cache add parsed spec Result {
198 silly cache add   raw: 'bindings@~1.2.1',
198 silly cache add   scope: null,
198 silly cache add   name: 'bindings',
198 silly cache add   rawSpec: '~1.2.1',
198 silly cache add   spec: '>=1.2.1 <1.3.0',
198 silly cache add   type: 'range' }
199 silly addNamed bindings@>=1.2.1 <1.3.0
200 verbose addNamed ">=1.2.1 <1.3.0" is a valid semver range for bindings
201 silly addNameRange { name: 'bindings', range: '>=1.2.1 <1.3.0', hasData: false }
202 silly mapToRegistry name bindings
203 silly mapToRegistry using default registry
204 silly mapToRegistry registry https://registry.npmjs.org/
205 silly mapToRegistry data Result {
205 silly mapToRegistry   raw: 'bindings',
205 silly mapToRegistry   scope: null,
205 silly mapToRegistry   name: 'bindings',
205 silly mapToRegistry   rawSpec: '',
205 silly mapToRegistry   spec: 'latest',
205 silly mapToRegistry   type: 'tag' }
206 silly mapToRegistry uri https://registry.npmjs.org/bindings
207 verbose addNameRange registry:https://registry.npmjs.org/bindings not in flight; fetching
208 verbose request uri https://registry.npmjs.org/nan
209 verbose request no auth needed
210 info attempt registry request try #1 at 5:38:10 PM
211 verbose etag "1YJEPM5V4XH0MZT0HV3B8R9BB"
212 http request GET https://registry.npmjs.org/nan
213 verbose request uri https://registry.npmjs.org/bindings
214 verbose request no auth needed
215 info attempt registry request try #1 at 5:38:10 PM
216 verbose etag "C1AW6UVQGY4VZQGFC1WTIGMDV"
217 http request GET https://registry.npmjs.org/bindings
218 http 304 https://registry.npmjs.org/nan
219 verbose headers { date: 'Wed, 28 Sep 2016 00:38:09 GMT',
219 verbose headers   via: '1.1 varnish',
219 verbose headers   'cache-control': 'max-age=300',
219 verbose headers   etag: '"1YJEPM5V4XH0MZT0HV3B8R9BB"',
219 verbose headers   age: '93',
219 verbose headers   connection: 'keep-alive',
219 verbose headers   'x-served-by': 'cache-sjc3123-SJC',
219 verbose headers   'x-cache': 'HIT',
219 verbose headers   'x-cache-hits': '2',
219 verbose headers   'x-timer': 'S1475023089.696540,VS0,VE0',
219 verbose headers   vary: 'Accept-Encoding' }
220 silly get cb [ 304,
220 silly get   { date: 'Wed, 28 Sep 2016 00:38:09 GMT',
220 silly get     via: '1.1 varnish',
220 silly get     'cache-control': 'max-age=300',
220 silly get     etag: '"1YJEPM5V4XH0MZT0HV3B8R9BB"',
220 silly get     age: '93',
220 silly get     connection: 'keep-alive',
220 silly get     'x-served-by': 'cache-sjc3123-SJC',
220 silly get     'x-cache': 'HIT',
220 silly get     'x-cache-hits': '2',
220 silly get     'x-timer': 'S1475023089.696540,VS0,VE0',
220 silly get     vary: 'Accept-Encoding' } ]
221 verbose etag https://registry.npmjs.org/nan from cache
222 verbose get saving nan to C:\Users\fjatori\AppData\Roaming\npm-cache\registry.npmjs.org\nan\.cache.json
223 verbose correctMkdir C:\Users\fjatori\AppData\Roaming\npm-cache correctMkdir not in flight; initializing
224 http 304 https://registry.npmjs.org/bindings
225 verbose headers { date: 'Wed, 28 Sep 2016 00:38:09 GMT',
225 verbose headers   via: '1.1 varnish',
225 verbose headers   'cache-control': 'max-age=300',
225 verbose headers   etag: '"C1AW6UVQGY4VZQGFC1WTIGMDV"',
225 verbose headers   age: '13',
225 verbose headers   connection: 'keep-alive',
225 verbose headers   'x-served-by': 'cache-sjc3145-SJC',
225 verbose headers   'x-cache': 'HIT',
225 verbose headers   'x-cache-hits': '1',
225 verbose headers   'x-timer': 'S1475023089.714734,VS0,VE0',
225 verbose headers   vary: 'Accept-Encoding' }
226 silly get cb [ 304,
226 silly get   { date: 'Wed, 28 Sep 2016 00:38:09 GMT',
226 silly get     via: '1.1 varnish',
226 silly get     'cache-control': 'max-age=300',
226 silly get     etag: '"C1AW6UVQGY4VZQGFC1WTIGMDV"',
226 silly get     age: '13',
226 silly get     connection: 'keep-alive',
226 silly get     'x-served-by': 'cache-sjc3145-SJC',
226 silly get     'x-cache': 'HIT',
226 silly get     'x-cache-hits': '1',
226 silly get     'x-timer': 'S1475023089.714734,VS0,VE0',
226 silly get     vary: 'Accept-Encoding' } ]
227 verbose etag https://registry.npmjs.org/bindings from cache
228 verbose get saving bindings to C:\Users\fjatori\AppData\Roaming\npm-cache\registry.npmjs.org\bindings\.cache.json
229 verbose correctMkdir C:\Users\fjatori\AppData\Roaming\npm-cache correctMkdir not in flight; initializing
230 silly addNameRange number 2 { name: 'nan', range: '>=2.3.0 <2.4.0', hasData: true }
231 silly addNameRange versions [ 'nan',
231 silly addNameRange   [ '0.3.0-wip',
231 silly addNameRange     '0.3.0-wip2',
231 silly addNameRange     '0.3.0',
231 silly addNameRange     '0.3.1',
231 silly addNameRange     '0.3.2',
231 silly addNameRange     '0.4.0',
231 silly addNameRange     '0.4.1',
231 silly addNameRange     '0.4.2',
231 silly addNameRange     '0.4.3',
231 silly addNameRange     '0.4.4',
231 silly addNameRange     '0.5.0',
231 silly addNameRange     '0.5.1',
231 silly addNameRange     '0.5.2',
231 silly addNameRange     '0.6.0',
231 silly addNameRange     '0.7.0',
231 silly addNameRange     '0.7.1',
231 silly addNameRange     '0.8.0',
231 silly addNameRange     '1.0.0',
231 silly addNameRange     '1.1.0',
231 silly addNameRange     '1.1.1',
231 silly addNameRange     '1.1.2',
231 silly addNameRange     '1.2.0',
231 silly addNameRange     '1.3.0',
231 silly addNameRange     '1.4.0',
231 silly addNameRange     '1.4.1',
231 silly addNameRange     '1.5.0',
231 silly addNameRange     '1.4.2',
231 silly addNameRange     '1.4.3',
231 silly addNameRange     '1.5.1',
231 silly addNameRange     '1.5.2',
231 silly addNameRange     '1.6.0',
231 silly addNameRange     '1.5.3',
231 silly addNameRange     '1.6.1',
231 silly addNameRange     '1.6.2',
231 silly addNameRange     '1.7.0',
231 silly addNameRange     '1.8.0',
231 silly addNameRange     '1.8.1',
231 silly addNameRange     '1.8.2',
231 silly addNameRange     '1.8.3',
231 silly addNameRange     '1.8.4',
231 silly addNameRange     '1.9.0',
231 silly addNameRange     '2.0.0',
231 silly addNameRange     '2.0.1',
231 silly addNameRange     '2.0.2',
231 silly addNameRange     '2.0.3',
231 silly addNameRange     '2.0.4',
231 silly addNameRange     '2.0.5',
231 silly addNameRange     '2.0.6',
231 silly addNameRange     '2.0.7',
231 silly addNameRange     '2.0.8',
231 silly addNameRange     '2.0.9',
231 silly addNameRange     '2.1.0',
231 silly addNameRange     '2.2.0',
231 silly addNameRange     '2.2.1',
231 silly addNameRange     '2.3.0',
231 silly addNameRange     '2.3.1',
231 silly addNameRange     '2.3.2',
231 silly addNameRange     '2.3.3',
231 silly addNameRange     '2.3.4',
231 silly addNameRange     '2.3.5',
231 silly addNameRange     '2.4.0' ] ]
232 silly addNamed nan@2.3.5
233 verbose addNamed "2.3.5" is a plain semver version for nan
234 silly cache afterAdd nan@2.3.5
235 verbose afterAdd C:\Users\fjatori\AppData\Roaming\npm-cache\nan\2.3.5\package\package.json not in flight; writing
236 verbose correctMkdir C:\Users\fjatori\AppData\Roaming\npm-cache correctMkdir not in flight; initializing
237 verbose afterAdd C:\Users\fjatori\AppData\Roaming\npm-cache\nan\2.3.5\package\package.json written
238 silly addNameRange number 2 { name: 'bindings', range: '>=1.2.1 <1.3.0', hasData: true }
239 silly addNameRange versions [ 'bindings',
239 silly addNameRange   [ '0.0.1',
239 silly addNameRange     '0.1.0',
239 silly addNameRange     '0.1.1',
239 silly addNameRange     '0.2.0',
239 silly addNameRange     '0.2.1',
239 silly addNameRange     '0.2.2',
239 silly addNameRange     '0.2.3',
239 silly addNameRange     '0.2.4',
239 silly addNameRange     '0.3.0',
239 silly addNameRange     '0.4.0',
239 silly addNameRange     '1.0.0',
239 silly addNameRange     '1.1.0',
239 silly addNameRange     '1.1.1',
239 silly addNameRange     '1.2.0',
239 silly addNameRange     '1.2.1' ] ]
240 silly addNamed bindings@1.2.1
241 verbose addNamed "1.2.1" is a plain semver version for bindings
242 silly cache afterAdd bindings@1.2.1
243 verbose afterAdd C:\Users\fjatori\AppData\Roaming\npm-cache\bindings\1.2.1\package\package.json not in flight; writing
244 verbose correctMkdir C:\Users\fjatori\AppData\Roaming\npm-cache correctMkdir not in flight; initializing
245 verbose afterAdd C:\Users\fjatori\AppData\Roaming\npm-cache\bindings\1.2.1\package\package.json written
246 silly install resolved [ { name: 'nan',
246 silly install resolved     version: '2.3.5',
246 silly install resolved     description: 'Native Abstractions for Node.js: C++ header for Node 0.8 -> 6 compatibility',
246 silly install resolved     main: 'include_dirs.js',
246 silly install resolved     repository: { type: 'git', url: 'git://github.com/nodejs/nan.git' },
246 silly install resolved     scripts:
246 silly install resolved      { test: 'tap --gc --stderr test/js/*-test.js',
246 silly install resolved        'rebuild-tests': 'node-gyp rebuild --msvs_version=2013 --directory test',
246 silly install resolved        docs: 'doc/.build.sh' },
246 silly install resolved     contributors:
246 silly install resolved      [ [Object],
246 silly install resolved        [Object],
246 silly install resolved        [Object],
246 silly install resolved        [Object],
246 silly install resolved        [Object],
246 silly install resolved        [Object],
246 silly install resolved        [Object] ],
246 silly install resolved     devDependencies:
246 silly install resolved      { bindings: '~1.2.1',
246 silly install resolved        commander: '^2.8.1',
246 silly install resolved        glob: '^5.0.14',
246 silly install resolved        'node-gyp': '~3.0.1',
246 silly install resolved        tap: '~0.7.1',
246 silly install resolved        xtend: '~4.0.0' },
246 silly install resolved     license: 'MIT',
246 silly install resolved     bugs: { url: 'https://github.com/nodejs/nan/issues' },
246 silly install resolved     homepage: 'https://github.com/nodejs/nan#readme',
246 silly install resolved     _id: 'nan@2.3.5',
246 silly install resolved     _shasum: '822a0dc266290ce4cd3a12282ca3e7e364668a08',
246 silly install resolved     _resolved: 'https://registry.npmjs.org/nan/-/nan-2.3.5.tgz',
246 silly install resolved     _from: 'nan@>=2.3.0 <2.4.0',
246 silly install resolved     _npmVersion: '3.3.6',
246 silly install resolved     _nodeVersion: '5.0.0',
246 silly install resolved     _npmUser: { name: 'kkoopa', email: 'bbyholm@abo.fi' },
246 silly install resolved     dist:
246 silly install resolved      { shasum: '822a0dc266290ce4cd3a12282ca3e7e364668a08',
246 silly install resolved        tarball: 'https://registry.npmjs.org/nan/-/nan-2.3.5.tgz' },
246 silly install resolved     maintainers: [ [Object], [Object] ],
246 silly install resolved     _npmOperationalInternal:
246 silly install resolved      { host: 'packages-12-west.internal.npmjs.com',
246 silly install resolved        tmp: 'tmp/nan-2.3.5.tgz_1464707164994_0.4295874561648816' },
246 silly install resolved     directories: {},
246 silly install resolved     readme: 'ERROR: No README data found!' },
246 silly install resolved   { name: 'bindings',
246 silly install resolved     description: 'Helper module for loading your native module\'s .node file',
246 silly install resolved     keywords: [ 'native', 'addon', 'bindings', 'gyp', 'waf', 'c', 'c++' ],
246 silly install resolved     version: '1.2.1',
246 silly install resolved     author:
246 silly install resolved      { name: 'Nathan Rajlich',
246 silly install resolved        email: 'nathan@tootallnate.net',
246 silly install resolved        url: 'http://tootallnate.net' },
246 silly install resolved     repository:
246 silly install resolved      { type: 'git',
246 silly install resolved        url: 'git://github.com/TooTallNate/node-bindings.git' },
246 silly install resolved     main: './bindings.js',
246 silly install resolved     bugs: { url: 'https://github.com/TooTallNate/node-bindings/issues' },
246 silly install resolved     homepage: 'https://github.com/TooTallNate/node-bindings',
246 silly install resolved     license: 'MIT',
246 silly install resolved     gitHead: 'e404152ee27f8478ccbc7122ee051246e8e5ec02',
246 silly install resolved     _id: 'bindings@1.2.1',
246 silly install resolved     scripts: {},
246 silly install resolved     _shasum: '14ad6113812d2d37d72e67b4cacb4bb726505f11',
246 silly install resolved     _from: 'bindings@>=1.2.1 <1.3.0',
246 silly install resolved     _npmVersion: '1.4.14',
246 silly install resolved     _npmUser: { name: 'tootallnate', email: 'nathan@tootallnate.net' },
246 silly install resolved     maintainers: [ [Object], [Object] ],
246 silly install resolved     dist:
246 silly install resolved      { shasum: '14ad6113812d2d37d72e67b4cacb4bb726505f11',
246 silly install resolved        tarball: 'https://registry.npmjs.org/bindings/-/bindings-1.2.1.tgz' },
246 silly install resolved     directories: {},
246 silly install resolved     _resolved: 'https://registry.npmjs.org/bindings/-/bindings-1.2.1.tgz',
246 silly install resolved     readme: 'ERROR: No README data found!' } ]
247 info install nan@2.3.5 into C:\Users\fjatori\WebstormProjects\zmq\node_modules\zmq
248 info install bindings@1.2.1 into C:\Users\fjatori\WebstormProjects\zmq\node_modules\zmq
249 info installOne nan@2.3.5
250 verbose installOne of nan to C:\Users\fjatori\WebstormProjects\zmq\node_modules\zmq not in flight; installing
251 verbose correctMkdir C:\Users\fjatori\AppData\Roaming\npm-cache\_locks correctMkdir not in flight; initializing
252 info installOne bindings@1.2.1
253 verbose installOne of bindings to C:\Users\fjatori\WebstormProjects\zmq\node_modules\zmq not in flight; installing
254 verbose correctMkdir C:\Users\fjatori\AppData\Roaming\npm-cache\_locks correctMkdir not in flight; initializing
255 verbose lock using C:\Users\fjatori\AppData\Roaming\npm-cache\_locks\nan-9415a3ad6a8fe4ec.lock for C:\Users\fjatori\WebstormProjects\zmq\node_modules\zmq\node_modules\nan
256 verbose lock using C:\Users\fjatori\AppData\Roaming\npm-cache\_locks\bindings-2f9ba3b8dc8f5fe4.lock for C:\Users\fjatori\WebstormProjects\zmq\node_modules\zmq\node_modules\bindings
257 silly install write writing nan 2.3.5 to C:\Users\fjatori\WebstormProjects\zmq\node_modules\zmq\node_modules\nan
258 silly install write writing bindings 1.2.1 to C:\Users\fjatori\WebstormProjects\zmq\node_modules\zmq\node_modules\bindings
259 verbose unbuild node_modules\zmq\node_modules\nan
260 verbose unbuild node_modules\zmq\node_modules\bindings
261 silly gentlyRm C:\Users\fjatori\WebstormProjects\zmq\node_modules\zmq\node_modules\nan is being purged from base C:\Users\fjatori\WebstormProjects\zmq
262 verbose gentlyRm don't care about contents; nuking C:\Users\fjatori\WebstormProjects\zmq\node_modules\zmq\node_modules\nan
263 verbose tar unpack C:\Users\fjatori\AppData\Roaming\npm-cache\nan\2.3.5\package.tgz
264 verbose tar unpacking to C:\Users\fjatori\WebstormProjects\zmq\node_modules\zmq\node_modules\nan
265 silly gentlyRm C:\Users\fjatori\WebstormProjects\zmq\node_modules\zmq\node_modules\nan is being purged
266 verbose gentlyRm don't care about contents; nuking C:\Users\fjatori\WebstormProjects\zmq\node_modules\zmq\node_modules\nan
267 silly gentlyRm C:\Users\fjatori\WebstormProjects\zmq\node_modules\zmq\node_modules\bindings is being purged from base C:\Users\fjatori\WebstormProjects\zmq
268 verbose gentlyRm don't care about contents; nuking C:\Users\fjatori\WebstormProjects\zmq\node_modules\zmq\node_modules\bindings
269 silly gunzTarPerm modes [ '777', '666' ]
270 verbose tar unpack C:\Users\fjatori\AppData\Roaming\npm-cache\bindings\1.2.1\package.tgz
271 verbose tar unpacking to C:\Users\fjatori\WebstormProjects\zmq\node_modules\zmq\node_modules\bindings
272 silly gentlyRm C:\Users\fjatori\WebstormProjects\zmq\node_modules\zmq\node_modules\bindings is being purged
273 verbose gentlyRm don't care about contents; nuking C:\Users\fjatori\WebstormProjects\zmq\node_modules\zmq\node_modules\bindings
274 silly gunzTarPerm modes [ '777', '666' ]
275 silly gunzTarPerm extractEntry package.json
276 silly gunzTarPerm modified mode [ 'package.json', 436, 438 ]
277 silly gunzTarPerm extractEntry package.json
278 silly gunzTarPerm modified mode [ 'package.json', 420, 438 ]
279 silly gunzTarPerm extractEntry README.md
280 silly gunzTarPerm modified mode [ 'README.md', 436, 438 ]
281 silly gunzTarPerm extractEntry README.md
282 silly gunzTarPerm modified mode [ 'README.md', 420, 438 ]
283 silly gunzTarPerm extractEntry bindings.js
284 silly gunzTarPerm modified mode [ 'bindings.js', 420, 438 ]
285 silly gunzTarPerm extractEntry include_dirs.js
286 silly gunzTarPerm modified mode [ 'include_dirs.js', 436, 438 ]
287 silly gunzTarPerm extractEntry nan_converters.h
288 silly gunzTarPerm modified mode [ 'nan_converters.h', 436, 438 ]
289 silly gunzTarPerm extractEntry LICENSE.md
290 silly gunzTarPerm modified mode [ 'LICENSE.md', 436, 438 ]
291 silly gunzTarPerm extractEntry doc/node_misc.md
292 silly gunzTarPerm modified mode [ 'doc/node_misc.md', 436, 438 ]
293 silly gunzTarPerm extractEntry doc/asyncworker.md
294 silly gunzTarPerm modified mode [ 'doc/asyncworker.md', 436, 438 ]
295 silly gunzTarPerm extractEntry doc/callback.md
296 silly gunzTarPerm modified mode [ 'doc/callback.md', 436, 438 ]
297 silly gunzTarPerm extractEntry doc/converters.md
298 silly gunzTarPerm modified mode [ 'doc/converters.md', 436, 438 ]
299 silly gunzTarPerm extractEntry doc/errors.md
300 silly gunzTarPerm modified mode [ 'doc/errors.md', 436, 438 ]
301 silly gunzTarPerm extractEntry doc/maybe_types.md
302 silly gunzTarPerm modified mode [ 'doc/maybe_types.md', 436, 438 ]
303 silly gunzTarPerm extractEntry doc/methods.md
304 silly gunzTarPerm modified mode [ 'doc/methods.md', 436, 438 ]
305 silly gunzTarPerm extractEntry doc/new.md
306 silly gunzTarPerm modified mode [ 'doc/new.md', 436, 438 ]
307 silly gunzTarPerm extractEntry doc/buffers.md
308 silly gunzTarPerm modified mode [ 'doc/buffers.md', 436, 438 ]
309 silly gunzTarPerm extractEntry doc/object_wrappers.md
310 silly gunzTarPerm modified mode [ 'doc/object_wrappers.md', 436, 438 ]
311 verbose write writing to C:\Users\fjatori\WebstormProjects\zmq\node_modules\zmq\node_modules\bindings\package.json
312 silly gunzTarPerm extractEntry doc/persistent.md
313 silly gunzTarPerm modified mode [ 'doc/persistent.md', 436, 438 ]
314 silly gunzTarPerm extractEntry doc/scopes.md
315 silly gunzTarPerm modified mode [ 'doc/scopes.md', 436, 438 ]
316 silly gunzTarPerm extractEntry doc/script.md
317 silly gunzTarPerm modified mode [ 'doc/script.md', 436, 438 ]
318 silly gunzTarPerm extractEntry doc/string_bytes.md
319 silly gunzTarPerm modified mode [ 'doc/string_bytes.md', 436, 438 ]
320 silly gunzTarPerm extractEntry doc/v8_internals.md
321 silly gunzTarPerm modified mode [ 'doc/v8_internals.md', 436, 438 ]
322 silly gunzTarPerm extractEntry doc/v8_misc.md
323 silly gunzTarPerm modified mode [ 'doc/v8_misc.md', 436, 438 ]
324 info preinstall bindings@1.2.1
325 verbose readDependencies loading dependencies from C:\Users\fjatori\WebstormProjects\zmq\node_modules\zmq\node_modules\bindings\package.json
326 silly gunzTarPerm extractEntry nan.h
327 silly gunzTarPerm modified mode [ 'nan.h', 436, 438 ]
328 silly gunzTarPerm extractEntry nan_callbacks.h
329 silly gunzTarPerm modified mode [ 'nan_callbacks.h', 436, 438 ]
330 verbose readDependencies loading dependencies from C:\Users\fjatori\WebstormProjects\zmq\node_modules\zmq\node_modules\bindings\package.json
331 silly gunzTarPerm extractEntry nan_callbacks_12_inl.h
332 silly gunzTarPerm modified mode [ 'nan_callbacks_12_inl.h', 436, 438 ]
333 silly gunzTarPerm extractEntry nan_callbacks_pre_12_inl.h
334 silly gunzTarPerm modified mode [ 'nan_callbacks_pre_12_inl.h', 436, 438 ]
335 silly install resolved []
336 verbose about to build C:\Users\fjatori\WebstormProjects\zmq\node_modules\zmq\node_modules\bindings
337 info build C:\Users\fjatori\WebstormProjects\zmq\node_modules\zmq\node_modules\bindings
338 silly gunzTarPerm extractEntry nan_converters_43_inl.h
339 silly gunzTarPerm modified mode [ 'nan_converters_43_inl.h', 436, 438 ]
340 info linkStuff bindings@1.2.1
341 silly linkStuff bindings@1.2.1 has C:\Users\fjatori\WebstormProjects\zmq\node_modules\zmq\node_modules as its parent node_modules
342 verbose linkBins bindings@1.2.1
343 verbose linkMans bindings@1.2.1
344 verbose rebuildBundles bindings@1.2.1
345 silly gunzTarPerm extractEntry nan_converters_pre_43_inl.h
346 silly gunzTarPerm modified mode [ 'nan_converters_pre_43_inl.h', 436, 438 ]
347 silly gunzTarPerm extractEntry nan_implementation_12_inl.h
348 silly gunzTarPerm modified mode [ 'nan_implementation_12_inl.h', 436, 438 ]
349 silly gunzTarPerm extractEntry nan_implementation_pre_12_inl.h
350 silly gunzTarPerm modified mode [ 'nan_implementation_pre_12_inl.h', 436, 438 ]
351 info install bindings@1.2.1
352 silly gunzTarPerm extractEntry nan_maybe_43_inl.h
353 silly gunzTarPerm modified mode [ 'nan_maybe_43_inl.h', 436, 438 ]
354 info postinstall bindings@1.2.1
355 verbose unlock done using C:\Users\fjatori\AppData\Roaming\npm-cache\_locks\bindings-2f9ba3b8dc8f5fe4.lock for C:\Users\fjatori\WebstormProjects\zmq\node_modules\zmq\node_modules\bindings
356 silly gunzTarPerm extractEntry nan_maybe_pre_43_inl.h
357 silly gunzTarPerm modified mode [ 'nan_maybe_pre_43_inl.h', 436, 438 ]
358 silly gunzTarPerm extractEntry nan_new.h
359 silly gunzTarPerm modified mode [ 'nan_new.h', 436, 438 ]
360 silly gunzTarPerm extractEntry nan_object_wrap.h
361 silly gunzTarPerm modified mode [ 'nan_object_wrap.h', 436, 438 ]
362 silly gunzTarPerm extractEntry nan_persistent_12_inl.h
363 silly gunzTarPerm modified mode [ 'nan_persistent_12_inl.h', 436, 438 ]
364 silly gunzTarPerm extractEntry nan_persistent_pre_12_inl.h
365 silly gunzTarPerm modified mode [ 'nan_persistent_pre_12_inl.h', 436, 438 ]
366 silly gunzTarPerm extractEntry nan_string_bytes.h
367 silly gunzTarPerm modified mode [ 'nan_string_bytes.h', 436, 438 ]
368 silly gunzTarPerm extractEntry nan_typedarray_contents.h
369 silly gunzTarPerm modified mode [ 'nan_typedarray_contents.h', 436, 438 ]
370 silly gunzTarPerm extractEntry nan_weak.h
371 silly gunzTarPerm modified mode [ 'nan_weak.h', 436, 438 ]
372 silly gunzTarPerm extractEntry CHANGELOG.md
373 silly gunzTarPerm modified mode [ 'CHANGELOG.md', 436, 438 ]
374 silly gunzTarPerm extractEntry tools/package.json
375 silly gunzTarPerm modified mode [ 'tools/package.json', 436, 438 ]
376 silly gunzTarPerm extractEntry tools/README.md
377 silly gunzTarPerm modified mode [ 'tools/README.md', 436, 438 ]
378 silly gunzTarPerm extractEntry tools/1to2.js
379 silly gunzTarPerm modified mode [ 'tools/1to2.js', 509, 511 ]
380 verbose write writing to C:\Users\fjatori\WebstormProjects\zmq\node_modules\zmq\node_modules\nan\package.json
381 info preinstall nan@2.3.5
382 verbose readDependencies loading dependencies from C:\Users\fjatori\WebstormProjects\zmq\node_modules\zmq\node_modules\nan\package.json
383 verbose readDependencies loading dependencies from C:\Users\fjatori\WebstormProjects\zmq\node_modules\zmq\node_modules\nan\package.json
384 silly install resolved []
385 verbose about to build C:\Users\fjatori\WebstormProjects\zmq\node_modules\zmq\node_modules\nan
386 info build C:\Users\fjatori\WebstormProjects\zmq\node_modules\zmq\node_modules\nan
387 info linkStuff nan@2.3.5
388 silly linkStuff nan@2.3.5 has C:\Users\fjatori\WebstormProjects\zmq\node_modules\zmq\node_modules as its parent node_modules
389 verbose linkBins nan@2.3.5
390 verbose linkMans nan@2.3.5
391 verbose rebuildBundles nan@2.3.5
392 info install nan@2.3.5
393 info postinstall nan@2.3.5
394 verbose unlock done using C:\Users\fjatori\AppData\Roaming\npm-cache\_locks\nan-9415a3ad6a8fe4ec.lock for C:\Users\fjatori\WebstormProjects\zmq\node_modules\zmq\node_modules\nan
395 verbose about to build C:\Users\fjatori\WebstormProjects\zmq\node_modules\zmq
396 info build C:\Users\fjatori\WebstormProjects\zmq\node_modules\zmq
397 info linkStuff zmq@2.15.3
398 silly linkStuff zmq@2.15.3 has C:\Users\fjatori\WebstormProjects\zmq\node_modules as its parent node_modules
399 verbose linkBins zmq@2.15.3
400 verbose linkMans zmq@2.15.3
401 verbose rebuildBundles zmq@2.15.3
402 verbose rebuildBundles [ 'bindings', 'nan' ]
403 info install zmq@2.15.3
404 verbose unsafe-perm in lifecycle true
405 info zmq@2.15.3 Failed to exec install script
406 verbose unlock done using C:\Users\fjatori\AppData\Roaming\npm-cache\_locks\zmq-66d3fa27d961b23c.lock for C:\Users\fjatori\WebstormProjects\zmq\node_modules\zmq
407 verbose stack Error: zmq@2.15.3 install: `node-gyp rebuild`
407 verbose stack Exit status 1
407 verbose stack     at EventEmitter.<anonymous> (C:\Program Files\nodejs\node_modules\npm\lib\utils\lifecycle.js:217:16)
407 verbose stack     at emitTwo (events.js:87:13)
407 verbose stack     at EventEmitter.emit (events.js:172:7)
407 verbose stack     at ChildProcess.<anonymous> (C:\Program Files\nodejs\node_modules\npm\lib\utils\spawn.js:24:14)
407 verbose stack     at emitTwo (events.js:87:13)
407 verbose stack     at ChildProcess.emit (events.js:172:7)
407 verbose stack     at maybeClose (internal/child_process.js:829:16)
407 verbose stack     at Process.ChildProcess._handle.onexit (internal/child_process.js:211:5)
408 verbose pkgid zmq@2.15.3
409 verbose cwd C:\Users\fjatori\WebstormProjects\zmq
410 error Windows_NT 6.1.7601
411 error argv "C:\\Program Files\\nodejs\\node.exe" "C:\\Program Files\\nodejs\\node_modules\\npm\\bin\\npm-cli.js" "install"
412 error node v4.5.0
413 error npm  v2.15.9
414 error code ELIFECYCLE
415 error zmq@2.15.3 install: `node-gyp rebuild`
415 error Exit status 1
416 error Failed at the zmq@2.15.3 install script 'node-gyp rebuild'.
416 error This is most likely a problem with the zmq package,
416 error not with npm itself.
416 error Tell the author that this fails on your system:
416 error     node-gyp rebuild
416 error You can get information on how to open an issue for this project with:
416 error     npm bugs zmq
416 error Or if that isn't available, you can get their info via:
416 error
416 error     npm owner ls zmq
416 error There is likely additional logging output above.
417 verbose exit [ 1, true ]
418 verbose unbuild node_modules\zmq
419 info preuninstall zmq@2.15.3
420 info uninstall zmq@2.15.3
421 verbose unbuild rmStuff zmq@2.15.3 from C:\Users\fjatori\WebstormProjects\zmq\node_modules
422 info postuninstall zmq@2.15.3
423 silly gentlyRm C:\Users\fjatori\WebstormProjects\zmq\node_modules\zmq is being purged from base C:\Users\fjatori\WebstormProjects\zmq
424 verbose gentlyRm don't care about contents; nuking C:\Users\fjatori\WebstormProjects\zmq\node_modules\zmq
425 silly vacuum-fs purging C:\Users\fjatori\WebstormProjects\zmq\node_modules\zmq
426 silly vacuum-fs removing C:\Users\fjatori\WebstormProjects\zmq\node_modules
427 silly vacuum-fs finished vacuuming up to C:\Users\fjatori\WebstormProjects\zmq
